SUMMARY OF C0NVERGENCE INFORMATION
  STEP   INC  ATT   ITER     CONT.   RESID.        CORR.      RESID.      CORR.
                              EL.    FORCE         DISP       FLUX        TEMP.
                              (#)     (%)           (%)        (%)         (%)
     1     1     1     1        0  0.3137E-01  0.1000E+03  0.0000E+00  0.0000E+00
     1     1     1     2        0  0.0000E+00  0.1672E-03  0.0000E+00  0.0000E+00
     1     2     1     1        0  0.0000E+00  0.3345E-03  0.0000E+00  0.0000E+00
     1     2     1     2        0  0.0000E+00  0.2797E-10  0.0000E+00  0.0000E+00
     1     3     1     1        0  0.0000E+00  0.4181E-03  0.0000E+00  0.0000E+00
     1     3     1     2        0  0.0000E+00  0.1877E-10  0.0000E+00  0.0000E+00
     1     4     1     1        0  0.0000E+00  0.6270E-03  0.0000E+00  0.0000E+00
     1     4     1     2        0  0.0000E+00  0.1212E-10  0.0000E+00  0.0000E+00
     1     5     1     1        0  0.0000E+00  0.9405E-03  0.0000E+00  0.0000E+00
     1     5     1     2        0  0.0000E+00  0.6955E-11  0.0000E+00  0.0000E+00
     1     6     1     1        0  0.0000E+00  0.7105E-03  0.0000E+00  0.0000E+00
     1     6     1     2        0  0.0000E+00  0.5598E-10  0.0000E+00  0.0000E+00
     1     7     1     1        0  0.0000E+00  0.1416E-02  0.0000E+00  0.0000E+00
     1     7     1     2        0  0.0000E+00  0.4675E-11  0.0000E+00  0.0000E+00
     1     8     1     1        0  0.0000E+00  0.1671E-02  0.0000E+00  0.0000E+00
     1     8     1     2        0  0.0000E+00  0.1462E-10  0.0000E+00  0.0000E+00
     1     9     1     1        0  0.0000E+00  0.2073E-02  0.0000E+00  0.0000E+00
     1     9     1     2        0  0.0000E+00  0.8079E-11  0.0000E+00  0.0000E+00
     1    10     1     1        0  0.0000E+00  0.3340E-02  0.0000E+00  0.0000E+00
     1    10     1     2        0  0.0000E+00  0.2206E-10  0.0000E+00  0.0000E+00
     1    11     1     1        0  0.0000E+00  0.3339E-02  0.0000E+00  0.0000E+00
     1    11     1     2        0  0.0000E+00  0.2286E-10  0.0000E+00  0.0000E+00
     1    12     1     1        0  0.0000E+00  0.3337E-02  0.0000E+00  0.0000E+00
     1    12     1     2        0  0.0000E+00  0.2318E-10  0.0000E+00  0.0000E+00
     1    13     1     1        0  0.2617E+04  0.1000E+03  0.0000E+00  0.0000E+00
     1    13     1     2        0  0.2252E+05  0.1000E+03  0.0000E+00  0.0000E+00
     1    13     1     3        0  0.5185E+06  0.1000E+03  0.0000E+00  0.0000E+00
     1    13     1     4        0  0.4244E+06  0.5559E+02  0.0000E+00  0.0000E+00
     1    13     2     1        0  0.2256E+01  0.2348E+01  0.0000E+00  0.0000E+00
     1    13     2     2        0  0.1878E+00  0.8570E-01  0.0000E+00  0.0000E+00
     1    14     1     1        0  0.4688E+04  0.1000E+03  0.0000E+00  0.0000E+00
     1    14     1     2        0  0.5715E+05  0.1000E+03  0.0000E+00  0.0000E+00
     1    14     1     3        0  0.8055E+06  0.1000E+03  0.0000E+00  0.0000E+00
     1    14     1     4        0  0.1125E+07  0.1000E+03  0.0000E+00  0.0000E+00
     1    14     2     1        0  0.7504E+03  0.1000E+03  0.0000E+00  0.0000E+00
     1    14     2     2        0  0.5137E+02  0.9759E+02  0.0000E+00  0.0000E+00
     1    14     2     3        0  0.6976E+01  0.1649E+01  0.0000E+00  0.0000E+00
     1    14     2     4        0  0.1282E+01  0.3170E+00  0.0000E+00  0.0000E+00
     1    14     2     5        0  0.2218E+00  0.4185E-01  0.0000E+00  0.0000E+00
     1    15     1     1        0  0.1040E+04  0.1000E+03  0.0000E+00  0.0000E+00
     1    15     1     2        0  0.3088E+02  0.9867E+02  0.0000E+00  0.0000E+00
     1    15     1     3        0  0.1746E+01  0.4570E+00  0.0000E+00  0.0000E+00
     1    15     1     4        0  0.4233E+00  0.6310E-01  0.0000E+00  0.0000E+00
     1    16     1     1        0  0.1577E+01  0.4444E+01  0.0000E+00  0.0000E+00
     1    16     1     2        0  0.3229E+00  0.1040E+01  0.0000E+00  0.0000E+00
     1    17     1     1        0  0.2039E+01  0.5056E+01  0.0000E+00  0.0000E+00
     1    17     1     2        0  0.1001E+00  0.6293E+00  0.0000E+00  0.0000E+00
     1    18     1     1        0  0.1577E+01  0.4895E+01  0.0000E+00  0.0000E+00
     1    18     1     2        0  0.6225E+00  0.1304E+01  0.0000E+00  0.0000E+00
     1    18     1     3        0  0.2939E-01  0.1079E+00  0.0000E+00  0.0000E+00
     1    19     1     1        0  0.3581E+01  0.1016E+02  0.0000E+00  0.0000E+00
     1    19     1     2        0  0.1550E-01  0.8710E+00  0.0000E+00  0.0000E+00
     1    20     1     1        0  0.8895E-01  0.1771E+01  0.0000E+00  0.0000E+00
     1    20     1     2        0  0.2290E-02  0.5566E-01  0.0000E+00  0.0000E+00
     1    21     1     1        0  0.6409E+00  0.6993E+00  0.0000E+00  0.0000E+00
     1    21     1     2        0  0.4633E-01  0.1674E+00  0.0000E+00  0.0000E+00
     1    22     1     1        0  0.9389E+00  0.9494E+00  0.0000E+00  0.0000E+00
     1    22     1     2        0  0.5967E-01  0.2694E+00  0.0000E+00  0.0000E+00
     1    23     1     1        0  0.1333E+01  0.8951E+00  0.0000E+00  0.0000E+00
     1    23     1     2        0  0.2555E+00  0.3861E+00  0.0000E+00  0.0000E+00
     1    24     1     1        0  0.6781E+00  0.7339E+00  0.0000E+00  0.0000E+00
     1    24     1     2        0  0.7157E-01  0.1633E+00  0.0000E+00  0.0000E+00
     1    25     1     1        0  0.4767E+00  0.4369E+00  0.0000E+00  0.0000E+00
     1    25     1     2        0  0.1944E-01  0.1247E+00  0.0000E+00  0.0000E+00
     1    26     1     1        0  0.4093E+00  0.3546E+00  0.0000E+00  0.0000E+00
     1    26     1     2        0  0.8355E-03  0.6488E-01  0.0000E+00  0.0000E+00
     1    27     1     1        0  0.2044E+00  0.2494E+00  0.0000E+00  0.0000E+00
     1    27     1     2        0  0.2051E-03  0.5469E-01  0.0000E+00  0.0000E+00
     1    28     1     1        0  0.8346E-01  0.1710E+00  0.0000E+00  0.0000E+00
     1    28     1     2        0  0.5198E-04  0.3207E-01  0.0000E+00  0.0000E+00
     1    29     1     1        0  0.4819E-01  0.1616E+00  0.0000E+00  0.0000E+00
     1    29     1     2        0  0.3876E-04  0.2610E-01  0.0000E+00  0.0000E+00
     1    30     1     1        0  0.2414E-01  0.1524E+00  0.0000E+00  0.0000E+00
     1    30     1     2        0  0.3955E-04  0.2573E-01  0.0000E+00  0.0000E+00
     1    31     1     1        0  0.2679E-01  0.1657E+00  0.0000E+00  0.0000E+00
     1    31     1     2        0  0.4158E-04  0.2657E-01  0.0000E+00  0.0000E+00
     1    32     1     1        0  0.2806E-01  0.1568E+00  0.0000E+00  0.0000E+00
     1    32     1     2        0  0.4340E-04  0.2727E-01  0.0000E+00  0.0000E+00
     1    33     1     1        0  0.1390E-01  0.1671E+00  0.0000E+00  0.0000E+00
     1    33     1     2        0  0.4540E-04  0.2770E-01  0.0000E+00  0.0000E+00
     1    34     1     1        0  0.1258E-01  0.1725E+00  0.0000E+00  0.0000E+00
     1    34     1     2        0  0.1834E-03  0.2768E-01  0.0000E+00  0.0000E+00
     1    35     1     1        0  0.6827E-02  0.1841E+00  0.0000E+00  0.0000E+00
     1    35     1     2        0  0.4702E-04  0.2799E-01  0.0000E+00  0.0000E+00
     1    36     1     1        0  0.1354E-01  0.1824E+00  0.0000E+00  0.0000E+00
     1    36     1     2        0  0.8469E-04  0.2946E-01  0.0000E+00  0.0000E+00
     1    37     1     1        0  0.7520E-02  0.1857E+00  0.0000E+00  0.0000E+00
     1    37     1     2        0  0.5052E-04  0.2932E-01  0.0000E+00  0.0000E+00
     1    38     1     1        0  0.3766E-03  0.2199E+00  0.0000E+00  0.0000E+00
     1    38     1     2        0  0.5129E-04  0.2944E-01  0.0000E+00  0.0000E+00
     1    39     1     1        0  0.3738E-03  0.2195E+00  0.0000E+00  0.0000E+00
     1    39     1     2        0  0.6670E-03  0.2974E-01  0.0000E+00  0.0000E+00
     1    40     1     1        0  0.3698E-03  0.2000E+00  0.0000E+00  0.0000E+00
     1    40     1     2        0  0.5384E-04  0.3024E-01  0.0000E+00  0.0000E+00
     1    41     1     1        0  0.3677E-03  0.2022E+00  0.0000E+00  0.0000E+00
     1    41     1     2        0  0.5528E-04  0.3079E-01  0.0000E+00  0.0000E+00
     1    42     1     1        0  0.1838E-02  0.2120E+00  0.0000E+00  0.0000E+00
     1    42     1     2        0  0.5635E-04  0.3110E-01  0.0000E+00  0.0000E+00
     1    43     1     1        0  0.3644E-03  0.2044E+00  0.0000E+00  0.0000E+00
     1    43     1     2        0  0.5769E-04  0.3157E-01  0.0000E+00  0.0000E+00
     1    44     1     1        0  0.3856E-03  0.2155E+00  0.0000E+00  0.0000E+00
     1    44     1     2        0  0.5877E-04  0.3191E-01  0.0000E+00  0.0000E+00
     1    45     1     1        0  0.3933E-03  0.2171E+00  0.0000E+00  0.0000E+00
     1    45     1     2        0  0.5954E-04  0.3207E-01  0.0000E+00  0.0000E+00
     1    46     1     1        0  0.4102E-03  0.2230E+00  0.0000E+00  0.0000E+00
     1    46     1     2        0  0.1246E-03  0.3223E-01  0.0000E+00  0.0000E+00
     1    47     1     1        0  0.3566E+00  0.7729E+01  0.0000E+00  0.0000E+00
     1    47     1     2        0  0.2633E-01  0.7931E+00  0.0000E+00  0.0000E+00
     1    48     1     1        0  0.1940E+01  0.2282E+02  0.0000E+00  0.0000E+00
     1    48     1     2        0  0.1398E+00  0.1858E+01  0.0000E+00  0.0000E+00
     1    48     1     3        0  0.3825E-02  0.3030E-01  0.0000E+00  0.0000E+00
     1    49     1     1        0  0.1444E+01  0.8663E+01  0.0000E+00  0.0000E+00
     1    49     1     2        0  0.2560E+00  0.4889E+00  0.0000E+00  0.0000E+00
     1    50     1     1        0  0.1128E+01  0.5999E+01  0.0000E+00  0.0000E+00
     1    50     1     2        0  0.1087E+00  0.4388E+00  0.0000E+00  0.0000E+00
     1    51     1     1        0  0.1001E+01  0.5068E+01  0.0000E+00  0.0000E+00
     1    51     1     2        0  0.1168E+00  0.3097E+00  0.0000E+00  0.0000E+00
     1    52     1     1        0  0.1070E+01  0.4343E+01  0.0000E+00  0.0000E+00
     1    52     1     2        0  0.1062E+00  0.2779E+00  0.0000E+00  0.0000E+00
     1    53     1     1        0  0.3111E+01  0.4197E+01  0.0000E+00  0.0000E+00
     1    53     1     2        0  0.2726E+00  0.3425E+00  0.0000E+00  0.0000E+00
     1    54     1     1        0  0.1537E+01  0.3741E+01  0.0000E+00  0.0000E+00
     1    54     1     2        0  0.1376E+00  0.4053E+00  0.0000E+00  0.0000E+00
     1    55     1     1        0  0.1108E+01  0.3448E+01  0.0000E+00  0.0000E+00
     1    55     1     2        0  0.8938E-01  0.2038E+00  0.0000E+00  0.0000E+00
     1    56     1     1        0  0.1017E+01  0.3008E+01  0.0000E+00  0.0000E+00
     1    56     1     2        0  0.1338E+00  0.2843E+00  0.0000E+00  0.0000E+00
     1    57     1     1        0  0.8780E+00  0.3058E+01  0.0000E+00  0.0000E+00
     1    57     1     2        0  0.6559E-01  0.2816E+00  0.0000E+00  0.0000E+00
     1    58     1     1        0  0.7900E+00  0.2840E+01  0.0000E+00  0.0000E+00
     1    58     1     2        0  0.6956E-01  0.2767E+00  0.0000E+00  0.0000E+00
     1    59     1     1        0  0.7114E+00  0.2574E+01  0.0000E+00  0.0000E+00
     1    59     1     2        0  0.5585E-02  0.1156E+00  0.0000E+00  0.0000E+00
     1    60     1     1        0  0.3251E+00  0.2217E+01  0.0000E+00  0.0000E+00
     1    60     1     2        0  0.9940E-02  0.4847E-01  0.0000E+00  0.0000E+00
     1    61     1     1        0  0.3462E+00  0.2085E+01  0.0000E+00  0.0000E+00
     1    61     1     2        0  0.1717E-01  0.7093E-01  0.0000E+00  0.0000E+00
     1    62     1     1        0  0.4438E+00  0.2311E+01  0.0000E+00  0.0000E+00
     1    62     1     2        0  0.4435E-02  0.5104E-01  0.0000E+00  0.0000E+00
     1    63     1     1        0  0.3146E+00  0.2021E+01  0.0000E+00  0.0000E+00
     1    63     1     2        0  0.3992E-02  0.7894E-01  0.0000E+00  0.0000E+00
     1    64     1     1        0  0.3827E+00  0.2424E+01  0.0000E+00  0.0000E+00
     1    64     1     2        0  0.3336E-02  0.5671E-01  0.0000E+00  0.0000E+00
     1    65     1     1        0  0.4329E+00  0.2336E+01  0.0000E+00  0.0000E+00
     1    65     1     2        0  0.3921E-02  0.1588E+00  0.0000E+00  0.0000E+00
     1    66     1     1        0  0.8704E+00  0.2514E+01  0.0000E+00  0.0000E+00
     1    66     1     2        0  0.1380E-01  0.1517E+00  0.0000E+00  0.0000E+00
     1    67     1     1        0  0.9246E+00  0.2533E+01  0.0000E+00  0.0000E+00
     1    67     1     2        0  0.2043E-02  0.3701E+00  0.0000E+00  0.0000E+00
     1    68     1     1        0  0.1264E+01  0.1243E+02  0.0000E+00  0.0000E+00
     1    68     1     2        0  0.2909E-01  0.7897E+00  0.0000E+00  0.0000E+00
     1    69     1     1        0  0.1405E+00  0.4595E+01  0.0000E+00  0.0000E+00
     1    69     1     2        0  0.7638E-02  0.6895E-01  0.0000E+00  0.0000E+00
     1    70     1     1        0  0.3604E-01  0.2373E+01  0.0000E+00  0.0000E+00
     1    70     1     2        0  0.1264E-02  0.6224E-02  0.0000E+00  0.0000E+00
     1    71     1     1        0  0.5048E-01  0.2488E+01  0.0000E+00  0.0000E+00
     1    71     1     2        0  0.3866E-02  0.7457E-02  0.0000E+00  0.0000E+00
     1    72     1     1        0  0.6526E-01  0.2562E+01  0.0000E+00  0.0000E+00
     1    72     1     2        0  0.3767E-02  0.1251E-01  0.0000E+00  0.0000E+00
     1    73     1     1        0  0.5290E-01  0.2542E+01  0.0000E+00  0.0000E+00
     1    73     1     2        0  0.3134E-02  0.1128E-01  0.0000E+00  0.0000E+00
     1    74     1     1        0  0.3708E-01  0.2387E+01  0.0000E+00  0.0000E+00
     1    74     1     2        0  0.5134E-02  0.1753E-01  0.0000E+00  0.0000E+00
     1    75     1     1        0  0.5753E-01  0.2262E+01  0.0000E+00  0.0000E+00
     1    75     1     2        0  0.2419E-02  0.2292E-01  0.0000E+00  0.0000E+00
     1    76     1     1        0  0.4598E-01  0.2152E+01  0.0000E+00  0.0000E+00
     1    76     1     2        0  0.3134E-02  0.2680E-01  0.0000E+00  0.0000E+00
     1    77     1     1        0  0.4680E-01  0.2014E+01  0.0000E+00  0.0000E+00
     1    77     1     2        0  0.2012E-02  0.2776E-01  0.0000E+00  0.0000E+00
     1    78     1     1        0  0.2695E-01  0.1960E+01  0.0000E+00  0.0000E+00
     1    78     1     2        0  0.2455E-02  0.3671E-01  0.0000E+00  0.0000E+00
     1    79     1     1        0  0.3212E-01  0.1767E+01  0.0000E+00  0.0000E+00
     1    79     1     2        0  0.1639E-02  0.3945E-01  0.0000E+00  0.0000E+00
     1    80     1     1        0  0.2883E-01  0.1618E+01  0.0000E+00  0.0000E+00
     1    80     1     2        0  0.2355E-02  0.4360E-01  0.0000E+00  0.0000E+00
     1    81     1     1        0  0.2235E-01  0.1449E+01  0.0000E+00  0.0000E+00
     1    81     1     2        0  0.7528E-03  0.4619E-01  0.0000E+00  0.0000E+00
     1    82     1     1        0  0.1463E-01  0.1325E+01  0.0000E+00  0.0000E+00
     1    82     1     2        0  0.1432E-02  0.4567E-01  0.0000E+00  0.0000E+00
     1    83     1     1        0  0.2269E-01  0.1278E+01  0.0000E+00  0.0000E+00
     1    83     1     2        0  0.2346E-02  0.4961E-01  0.0000E+00  0.0000E+00
     1    84     1     1        0  0.3154E-01  0.1186E+01  0.0000E+00  0.0000E+00
     1    84     1     2        0  0.1701E-02  0.5177E-01  0.0000E+00  0.0000E+00
     1    85     1     1        0  0.2268E-01  0.1075E+01  0.0000E+00  0.0000E+00
     1    85     1     2        0  0.1257E-02  0.5247E-01  0.0000E+00  0.0000E+00
     1    86     1     1        0  0.1474E-01  0.9446E+00  0.0000E+00  0.0000E+00
     1    86     1     2        0  0.2792E-02  0.5188E-01  0.0000E+00  0.0000E+00
     1    87     1     1        0  0.1188E-01  0.8794E+00  0.0000E+00  0.0000E+00
     1    87     1     2        0  0.3412E-02  0.5162E-01  0.0000E+00  0.0000E+00
     1    88     1     1        0  0.1209E-01  0.8341E+00  0.0000E+00  0.0000E+00
     1    88     1     2        0  0.2854E-02  0.5264E-01  0.0000E+00  0.0000E+00
     1    89     1     1        0  0.9422E-02  0.7663E+00  0.0000E+00  0.0000E+00
     1    89     1     2        0  0.6152E-03  0.5254E-01  0.0000E+00  0.0000E+00
     1    90     1     1        0  0.9619E-02  0.7472E+00  0.0000E+00  0.0000E+00
     1    90     1     2        0  0.7440E-03  0.5278E-01  0.0000E+00  0.0000E+00
     1    91     1     1        0  0.1058E-01  0.6948E+00  0.0000E+00  0.0000E+00
     1    91     1     2        0  0.1319E-02  0.5287E-01  0.0000E+00  0.0000E+00
     1    92     1     1        0  0.9945E-02  0.6740E+00  0.0000E+00  0.0000E+00
     1    92     1     2        0  0.6711E-03  0.5223E-01  0.0000E+00  0.0000E+00
     1    93     1     1        0  0.7288E-02  0.6528E+00  0.0000E+00  0.0000E+00
     1    93     1     2        0  0.9094E-03  0.5140E-01  0.0000E+00  0.0000E+00
     1    94     1     1        0  0.1026E-01  0.6607E+00  0.0000E+00  0.0000E+00
     1    94     1     2        0  0.1798E-02  0.5082E-01  0.0000E+00  0.0000E+00
     1    95     1     1        0  0.3064E-01  0.7642E+00  0.0000E+00  0.0000E+00
     1    95     1     2        0  0.2432E-02  0.5037E-01  0.0000E+00  0.0000E+00
     1    96     1     1        0  0.4379E-01  0.1017E+01  0.0000E+00  0.0000E+00
     1    96     1     2        0  0.2256E-02  0.4964E-01  0.0000E+00  0.0000E+00
     1    97     1     1        0  0.5121E-01  0.1390E+01  0.0000E+00  0.0000E+00
     1    97     1     2        0  0.6843E-02  0.4561E-01  0.0000E+00  0.0000E+00
     1    98     1     1        0  0.7081E-01  0.1658E+01  0.0000E+00  0.0000E+00
     1    98     1     2        0  0.8919E-02  0.4750E-01  0.0000E+00  0.0000E+00
     1    99     1     1        0  0.1034E+00  0.1657E+01  0.0000E+00  0.0000E+00
     1    99     1     2        0  0.1108E-01  0.4793E-01  0.0000E+00  0.0000E+00
     1   100     1     1        0  0.9942E-01  0.1670E+01  0.0000E+00  0.0000E+00
     1   100     1     2        0  0.6811E-02  0.4976E-01  0.0000E+00  0.0000E+00
     1   101     1     1        0  0.7578E-01  0.1611E+01  0.0000E+00  0.0000E+00
     1   101     1     2        0  0.7371E-02  0.4485E-01  0.0000E+00  0.0000E+00
     1   102     1     1        0  0.1118E+01  0.1026E+02  0.0000E+00  0.0000E+00
     1   102     1     2        0  0.3785E+00  0.8346E+00  0.0000E+00  0.0000E+00
     1   103     1     1        0  0.1366E+02  0.4888E+02  0.0000E+00  0.0000E+00
